<?xml version="1.0" encoding="UTF-8"?>
<coverage generated="1771302789763" clover="3.2.0">
  <project timestamp="1771302789763" name="All files">
    <metrics statements="14" coveredstatements="12" conditionals="6" coveredconditionals="4" methods="3" coveredmethods="2" elements="23" coveredelements="18" complexity="0" loc="14" ncloc="14" packages="1" files="1" classes="1"/>
    <file name="index.js" path="/Users/meetshah/Documents/github/index.js">
      <metrics statements="14" coveredstatements="12" conditionals="6" coveredconditionals="4" methods="3" coveredmethods="2"/>
      <line num="1" count="1" type="stmt"/>
      <line num="2" count="1" type="stmt"/>
      <line num="3" count="1" type="cond" truecount="2" falsecount="0"/>
      <line num="4" count="1" type="stmt"/>
      <line num="5" count="1" type="stmt"/>
      <line num="6" count="3" type="stmt"/>
      <line num="7" count="3" type="stmt"/>
      <line num="14" count="1" type="stmt"/>
      <line num="15" count="2" type="stmt"/>
      <line num="16" count="2" type="stmt"/>
      <line num="19" count="1" type="cond" truecount="1" falsecount="1"/>
      <line num="20" count="0" type="stmt"/>
      <line num="21" count="0" type="stmt"/>
      <line num="25" count="1" type="stmt"/>
    </file>
  </project>
</coverage>
